#
# There is insufficient memory for the Java Runtime Environment to continue.
# Native memory allocation (mmap) failed to map 402653184 bytes for G1 virtual space
# Possible reasons:
#   The system is out of physical RAM or swap space
#   The process is running with CompressedOops enabled, and the Java Heap may be blocking the growth of the native heap
# Possible solutions:
#   Reduce memory load on the system
#   Increase physical memory or swap space
#   Check if swap backing store is full
#   Decrease Java heap size (-Xmx/-Xms)
#   Decrease number of Java threads
#   Decrease Java thread stack sizes (-Xss)
#   Set larger code cache with -XX:ReservedCodeCacheSize=
#   JVM is running with Zero Based Compressed Oops mode in which the Java heap is
#     placed in the first 32GB address space. The Java Heap base address is the
#     maximum limit for the native heap growth. Please use -XX:HeapBaseMinAddress
#     to set the Java Heap base and to place the Java Heap above 32GB virtual address.
# This output file may be truncated or incomplete.
#
#  Out of Memory Error (os_windows.cpp:3541), pid=67492, tid=113160
#
# JRE version:  (17.0.4.1+9) (build )
# Java VM: OpenJDK 64-Bit Server VM (17.0.4.1+9-LTS, mixed mode, emulated-client, sharing, tiered, compressed oops, compressed class ptrs, g1 gc, windows-amd64)
# No core dump will be written. Minidumps are not enabled by default on client versions of Windows
#

---------------  S U M M A R Y ------------

Command Line: -XX:TieredStopAtLevel=1 -Dspring.output.ansi.enabled=always -Dcom.sun.management.jmxremote -Dspring.jmx.enabled=true -Dspring.liveBeansView.mbeanDomain -Dspring.application.admin.enabled=true -Dmanagement.endpoints.jmx.exposure.include=* -javaagent:C:\Program Files\JetBrains\IntelliJ IDEA 2024.2.3\lib\idea_rt.jar=59493:C:\Program Files\JetBrains\IntelliJ IDEA 2024.2.3\bin -Dfile.encoding=UTF-8 br.com.portfolio.PortfolioApplication

Host: AMD Ryzen 5 3600 6-Core Processor              , 12 cores, 23G,  Windows 11 , 64 bit Build 27898 (10.0.27898.1000)
Time: Fri Jul 18 11:05:42 2025 Hora oficial do Brasil elapsed time: 0.180531 seconds (0d 0h 0m 0s)

---------------  T H R E A D  ---------------

Current thread (0x0000008000aa68c0):  JavaThread "Unknown thread" [_thread_in_vm, id=113160, stack(0x0000008000950000,0x0000008000a50000)]

Stack: [0x0000008000950000,0x0000008000a50000]
Native frames: (J=compiled Java code, j=interpreted, Vv=VM code, C=native code)
V  [jvm.dll+0x64724a]
V  [jvm.dll+0x7f87a4]
V  [jvm.dll+0x7f9f5e]
V  [jvm.dll+0x7fa5b3]
V  [jvm.dll+0x234ed8]
V  [jvm.dll+0x64418a]
V  [jvm.dll+0x638ab2]
V  [jvm.dll+0x2f3109]
V  [jvm.dll+0x2fa2e6]
V  [jvm.dll+0x345eaa]
V  [jvm.dll+0x3460ef]
V  [jvm.dll+0x2c95a8]
V  [jvm.dll+0x2ca539]
V  [jvm.dll+0x7cbdb1]
V  [jvm.dll+0x353391]
V  [jvm.dll+0x7ac18e]
V  [jvm.dll+0x3cec43]
V  [jvm.dll+0x3d0681]
C  [jli.dll+0x51af]
C  [ucrtbase.dll+0x87430]
C  [KERNEL32.DLL+0x35f37]
C  [ntdll.dll+0x4f40]


---------------  P R O C E S S  ---------------

Threads class SMR info:
_java_thread_list=0x00007ffe0ae76718, length=0, elements={
}

Java Threads: ( => current thread )

Other Threads:
  0x0000008000b309f0 GCTaskThread "GC Thread#0" [stack: 0x0000008011ef0000,0x0000008011ff0000] [id=109136]
  0x0000008000b3d8b0 ConcurrentGCThread "G1 Main Marker" [stack: 0x0000008011ff0000,0x00000080120f0000] [id=68084]
  0x0000008000b3ef90 ConcurrentGCThread "G1 Conc#0" [stack: 0x00000080120f0000,0x00000080121f0000] [id=129528]

[error occurred during error reporting (printing all threads), id 0xc0000005, EXCEPTION_ACCESS_VIOLATION (0xc0000005) at pc=0x00007ffe0a66a797]

VM state: not at safepoint (not fully initialized)

VM Mutex/Monitor currently owned by a thread:  ([mutex/lock_event])
[0x0000008000aa3990] Heap_lock - owner thread: 0x0000008000aa68c0

Heap address: 0x0000000681000000, size: 6128 MB, Compressed Oops mode: Zero based, Oop shift amount: 3

CDS archive(s) mapped at: [0x0000000000000000-0x0000000000000000-0x0000000000000000), size 0, SharedBaseAddress: 0x0000000800000000, ArchiveRelocationMode: 0.
Narrow klass base: 0x0000000000000000, Narrow klass shift: 0, Narrow klass range: 0x0

GC Precious Log:
<Empty>

Heap:
 garbage-first heap   total 0K, used 0K [0x0000000681000000, 0x0000000800000000)
  region size 4096K, 0 young (0K), 0 survivors (0K)

[error occurred during error reporting (printing heap information), id 0xc0000005, EXCEPTION_ACCESS_VIOLATION (0xc0000005) at pc=0x00007ffe0aa2ed69]

GC Heap History (0 events):
No events

Deoptimization events (0 events):
No events

Classes unloaded (0 events):
No events

Classes redefined (0 events):
No events

Internal exceptions (0 events):
No events

VM Operations (0 events):
No events

Events (1 events):
Event: 0.007 Loaded shared library C:\Users\jeanf\.jdks\corretto-17.0.4.1\bin\java.dll


Dynamic libraries:
0x00007ff734880000 - 0x00007ff73488d000 	C:\Users\jeanf\.jdks\corretto-17.0.4.1\bin\java.exe
0x00007ffeda840000 - 0x00007ffedaaa3000 	C:\WINDOWS\SYSTEM32\ntdll.dll
0x00007ffed98e0000 - 0x00007ffed99a9000 	C:\WINDOWS\System32\KERNEL32.DLL
0x00007ffed7f70000 - 0x00007ffed8361000 	C:\WINDOWS\System32\KERNELBASE.dll
0x00007ffed7870000 - 0x00007ffed79bf000 	C:\WINDOWS\System32\ucrtbase.dll
0x00007ffecc230000 - 0x00007ffecc248000 	C:\Users\jeanf\.jdks\corretto-17.0.4.1\bin\jli.dll
0x00007ffecb460000 - 0x00007ffecb475000 	C:\Users\jeanf\.jdks\corretto-17.0.4.1\bin\VCRUNTIME140.dll
0x00007ffeda590000 - 0x00007ffeda759000 	C:\WINDOWS\System32\USER32.dll
0x00007ffed7840000 - 0x00007ffed7867000 	C:\WINDOWS\System32\win32u.dll
0x00007ffec2a00000 - 0x00007ffec2c9a000 	C:\WINDOWS\WinSxS\amd64_microsoft.windows.common-controls_6595b64144ccf1df_6.0.27898.1000_none_1687156239d8d1bd\COMCTL32.dll
0x00007ffed96e0000 - 0x00007ffed9713000 	C:\WINDOWS\System32\GDI32.dll
0x00007ffed9720000 - 0x00007ffed97c9000 	C:\WINDOWS\System32\msvcrt.dll
0x00007ffed8370000 - 0x00007ffed84a1000 	C:\WINDOWS\System32\gdi32full.dll
0x00007ffed7ec0000 - 0x00007ffed7f64000 	C:\WINDOWS\System32\msvcp_win.dll
0x00007ffed9aa0000 - 0x00007ffed9b46000 	C:\WINDOWS\System32\sechost.dll
0x00007ffeda550000 - 0x00007ffeda580000 	C:\WINDOWS\System32\IMM32.DLL
0x00007ffeb5c20000 - 0x00007ffeb5cbb000 	C:\Users\jeanf\.jdks\corretto-17.0.4.1\bin\msvcp140.dll
0x00007ffe0a390000 - 0x00007ffe0afa4000 	C:\Users\jeanf\.jdks\corretto-17.0.4.1\bin\server\jvm.dll
0x00007ffed9c30000 - 0x00007ffed9ce4000 	C:\WINDOWS\System32\ADVAPI32.dll
0x00007ffed8590000 - 0x00007ffed86a2000 	C:\WINDOWS\System32\RPCRT4.dll
0x00007ffed8a60000 - 0x00007ffed8a68000 	C:\WINDOWS\System32\PSAPI.DLL
0x00007ffec41c0000 - 0x00007ffec41ca000 	C:\WINDOWS\SYSTEM32\WSOCK32.dll
0x00007ffecdee0000 - 0x00007ffecdf16000 	C:\WINDOWS\SYSTEM32\WINMM.dll
0x00007ffecbb80000 - 0x00007ffecbb8b000 	C:\WINDOWS\SYSTEM32\VERSION.dll
0x00007ffed9b50000 - 0x00007ffed9bc5000 	C:\WINDOWS\System32\WS2_32.dll
0x00007ffed6620000 - 0x00007ffed663b000 	C:\WINDOWS\SYSTEM32\kernel.appcore.dll
0x00007ffecbcb0000 - 0x00007ffecbcba000 	C:\Users\jeanf\.jdks\corretto-17.0.4.1\bin\jimage.dll
0x00007ffecc710000 - 0x00007ffecc9e2000 	C:\WINDOWS\SYSTEM32\DBGHELP.DLL
0x00007ffed8ce0000 - 0x00007ffed9066000 	C:\WINDOWS\System32\combase.dll
0x00007ffed99b0000 - 0x00007ffed9a91000 	C:\WINDOWS\System32\OLEAUT32.dll
0x00007ffecc6b0000 - 0x00007ffecc703000 	C:\WINDOWS\SYSTEM32\dbgcore.DLL
0x00007ffed7e10000 - 0x00007ffed7eae000 	C:\WINDOWS\System32\bcryptPrimitives.dll
0x00007ffecb4f0000 - 0x00007ffecb4fe000 	C:\Users\jeanf\.jdks\corretto-17.0.4.1\bin\instrument.dll
0x00007ffecb430000 - 0x00007ffecb455000 	C:\Users\jeanf\.jdks\corretto-17.0.4.1\bin\java.dll

dbghelp: loaded successfully - version: 4.0.5 - missing functions: none
symbol engine: initialized successfully - sym options: 0x614 - pdb path: .;C:\Users\jeanf\.jdks\corretto-17.0.4.1\bin;C:\WINDOWS\SYSTEM32;C:\WINDOWS\WinSxS\amd64_microsoft.windows.common-controls_6595b64144ccf1df_6.0.27898.1000_none_1687156239d8d1bd;C:\Users\jeanf\.jdks\corretto-17.0.4.1\bin\server

VM Arguments:
jvm_args: -XX:TieredStopAtLevel=1 -Dspring.output.ansi.enabled=always -Dcom.sun.management.jmxremote -Dspring.jmx.enabled=true -Dspring.liveBeansView.mbeanDomain -Dspring.application.admin.enabled=true -Dmanagement.endpoints.jmx.exposure.include=* -javaagent:C:\Program Files\JetBrains\IntelliJ IDEA 2024.2.3\lib\idea_rt.jar=59493:C:\Program Files\JetBrains\IntelliJ IDEA 2024.2.3\bin -Dfile.encoding=UTF-8 
java_command: br.com.portfolio.PortfolioApplication
java_class_path (initial): E:\Minecraft\Fontes\portfolio\target\classes;C:\Users\jeanf\.m2\repository\org\springframework\boot\spring-boot-starter-web\3.5.3\spring-boot-starter-web-3.5.3.jar;C:\Users\jeanf\.m2\repository\org\springframework\boot\spring-boot-starter\3.5.3\spring-boot-starter-3.5.3.jar;C:\Users\jeanf\.m2\repository\org\springframework\boot\spring-boot-starter-logging\3.5.3\spring-boot-starter-logging-3.5.3.jar;C:\Users\jeanf\.m2\repository\ch\qos\logback\logback-classic\1.5.18\logback-classic-1.5.18.jar;C:\Users\jeanf\.m2\repository\ch\qos\logback\logback-core\1.5.18\logback-core-1.5.18.jar;C:\Users\jeanf\.m2\repository\org\apache\logging\log4j\log4j-to-slf4j\2.24.3\log4j-to-slf4j-2.24.3.jar;C:\Users\jeanf\.m2\repository\org\apache\logging\log4j\log4j-api\2.24.3\log4j-api-2.24.3.jar;C:\Users\jeanf\.m2\repository\org\slf4j\jul-to-slf4j\2.0.17\jul-to-slf4j-2.0.17.jar;C:\Users\jeanf\.m2\repository\org\yaml\snakeyaml\2.4\snakeyaml-2.4.jar;C:\Users\jeanf\.m2\repository\org\springframework\boot\spring-boot-starter-json\3.5.3\spring-boot-starter-json-3.5.3.jar;C:\Users\jeanf\.m2\repository\com\fasterxml\jackson\core\jackson-databind\2.19.1\jackson-databind-2.19.1.jar;C:\Users\jeanf\.m2\repository\com\fasterxml\jackson\core\jackson-annotations\2.19.1\jackson-annotations-2.19.1.jar;C:\Users\jeanf\.m2\repository\com\fasterxml\jackson\core\jackson-core\2.19.1\jackson-core-2.19.1.jar;C:\Users\jeanf\.m2\repository\com\fasterxml\jackson\datatype\jackson-datatype-jdk8\2.19.1\jackson-datatype-jdk8-2.19.1.jar;C:\Users\jeanf\.m2\repository\com\fasterxml\jackson\datatype\jackson-datatype-jsr310\2.19.1\jackson-datatype-jsr310-2.19.1.jar;C:\Users\jeanf\.m2\repository\com\fasterxml\jackson\module\jackson-module-parameter-names\2.19.1\jackson-module-parameter-names-2.19.1.jar;C:\Users\jeanf\.m2\repository\org\springframework\spring-web\6.2.8\spring-web-6.2.8.jar;C:\Users\jeanf\.m2\repository\io\micrometer\micrometer-observation\1.15.1\micrometer-observation-1.15.1.jar;C:\
Launcher Type: SUN_STANDARD

[Global flags]
     intx CICompilerCount                          = 4                                         {product} {ergonomic}
     uint ConcGCThreads                            = 3                                         {product} {ergonomic}
     uint G1ConcRefinementThreads                  = 10                                        {product} {ergonomic}
   size_t G1HeapRegionSize                         = 4194304                                   {product} {ergonomic}
    uintx GCDrainStackTargetSize                   = 64                                        {product} {ergonomic}
   size_t InitialHeapSize                          = 402653184                                 {product} {ergonomic}
     bool ManagementServer                         = true                                      {product} {command line}
   size_t MarkStackSize                            = 4194304                                   {product} {ergonomic}
   size_t MaxHeapSize                              = 6425673728                                {product} {ergonomic}
   size_t MinHeapDeltaBytes                        = 4194304                                   {product} {ergonomic}
   size_t MinHeapSize                              = 8388608                                   {product} {ergonomic}
    uintx NonProfiledCodeHeapSize                  = 0                                      {pd product} {ergonomic}
     bool ProfileInterpreter                       = false                                  {pd product} {command line}
    uintx ProfiledCodeHeapSize                     = 0                                      {pd product} {ergonomic}
   size_t SoftMaxHeapSize                          = 6425673728                             {manageable} {ergonomic}
     intx TieredStopAtLevel                        = 1                                         {product} {command line}
     bool UseCompressedClassPointers               = true                           {product lp64_product} {ergonomic}
     bool UseCompressedOops                        = true                           {product lp64_product} {ergonomic}
     bool UseG1GC                                  = true                                      {product} {ergonomic}
     bool UseLargePagesIndividualAllocation        = false                                  {pd product} {ergonomic}

Logging:
Log output configuration:
 #0: stdout all=warning uptime,level,tags
 #1: stderr all=off uptime,level,tags

Environment Variables:
JAVA_HOME=C:\Program Files\Java\jdk-16
PATH=C:\Program Files\Common Files\Oracle\Java\javapath;C:\Program Files (x86)\Common Files\Oracle\Java\javapath;C:\WINDOWS\system32;C:\WINDOWS;C:\WINDOWS\System32\Wbem;C:\WINDOWS\System32\WindowsPowerShell\v1.0\;C:\WINDOWS\System32\OpenSSH\;C:\Program Files (x86)\NVIDIA Corporation\PhysX\Common;C:\Program Files\NVIDIA Corporation\NVIDIA NvDLISR;C:\Program Files\Git\cmd;C:\Program Files\Java\jre1.8.0_291\bin;;C:\Program Files\TortoiseGit\bin;C:\Program Files\Microsoft SQL Server\150\Tools\Binn\;C:\Program Files\Microsoft SQL Server\Client SDK\ODBC\170\Tools\Binn\;C:\Program Files\dotnet\;C:\Program Files (x86)\dotnet\;C:\WINDOWS\system32;C:\WINDOWS;C:\WINDOWS\System32\Wbem;C:\WINDOWS\System32\WindowsPowerShell\v1.0\;C:\WINDOWS\System32\OpenSSH\;C:\Program Files\PuTTY\;C:\Program Files (x86)\ZeroTier\One\;C:\Program Files\nodejs\;C:\Program Files\Docker\Docker\resources\bin;C:\ProgramData\DockerDesktop\version-bin;C:\Program Files\Cloudflare\Cloudflare WARP\;C:\Program Files\Java\jdk-16\bin;C:\Users\jeanf\anaconda3\Library\bin;C:\Users\jeanf\anaconda3\Scripts;C:\Users\jeanf\AppData\Local\Programs\Python\Python39\Scripts\;C:\Users\jeanf\AppData\Local\Programs\Python\Python39\;C:\Users\jeanf\AppData\Local\Microsoft\WindowsApps;C:\apache-maven-3.8.1\bin;C:\Program Files\heroku\bin;C:\altera\13.0sp1\modelsim_ase\win32aloem;C:\Users\jeanf\Documents\jjpend\apache-ant-1.9.16\bin;C:\Users\jeanf\AppData\Local\Programs\Microsoft VS Code\bin;C:\Users\jeanf\.dotnet\tools;C:\Users\jeanf\AppData\Local\Programs\Hyper\resources\bin;C:\Users\jeanf\platform-tools;C:\Program Files\Java\jdk-16\bin;C:\Users\jeanf\AppData\Roaming\npm;C:\Users\jeanf\AppData\Local\Programs\cursor\resources\app\bin;C:\Users\jeanf\Pictures\flutter\bin;
USERNAME=jeanf
OS=Windows_NT
PROCESSOR_IDENTIFIER=AMD64 Family 23 Model 113 Stepping 0, AuthenticAMD
TMP=C:\Users\jeanf\AppData\Local\Temp
TEMP=C:\Users\jeanf\AppData\Local\Temp



---------------  S Y S T E M  ---------------

OS:
 Windows 11 , 64 bit Build 27898 (10.0.27898.1000)
OS uptime: 4 days 0:46 hours
Hyper-V role detected

CPU: total 12 (initial active 12) (12 cores per cpu, 2 threads per core) family 23 model 113 stepping 0 microcode 0x8701021, cx8, cmov, fxsr, ht, mmx, 3dnowpref, sse, sse2, sse3, ssse3, sse4a, sse4.1, sse4.2, popcnt, lzcnt, tsc, tscinvbit, avx, avx2, aes, clmul, bmi1, bmi2, adx, sha, fma, vzeroupper, clflush, clflushopt, hv

Memory: 4k page, system-wide physical 24507M (3634M free)
TotalPageFile size 54507M (AvailPageFile size 146M)
current process WorkingSet (physical memory assigned to process): 12M, peak: 12M
current process commit charge ("private bytes"): 59M, peak: 443M

vm_info: OpenJDK 64-Bit Server VM (17.0.4.1+9-LTS) for windows-amd64 JRE (17.0.4.1+9-LTS), built on Aug 12 2022 17:33:36 by "Administrator" with MS VC++ 15.9 (VS2017)

END.
